2019-12-01 23:21:55,666 [main] INFO  [org.springframework.context.support.PostProcessorRegistrationDelegate$BeanPostProcessorChecker] [PostProcessorRegistrationDelegate.java:330] [trace=,span=,parent=,name=,app=springAppName_IS_UNDEFINED,begintime=,endtime=] - Bean 'org.springframework.transaction.annotation.ProxyTransactionManagementConfiguration' of type [org.springframework.transaction.annotation.ProxyTransactionManagementConfiguration] is not eligible for getting processed by all BeanPostProcessors (for example: not eligible for auto-proxying)
2019-12-01 23:21:56,036 [main] INFO  [org.springframework.boot.web.embedded.tomcat.TomcatWebServer] [TomcatWebServer.java:92] [trace=,span=,parent=,name=,app=springAppName_IS_UNDEFINED,begintime=,endtime=] - Tomcat initialized with port(s): 80 (http)
2019-12-01 23:21:56,049 [main] INFO  [org.apache.catalina.core.StandardService] [DirectJDKLog.java:173] [trace=,span=,parent=,name=,app=springAppName_IS_UNDEFINED,begintime=,endtime=] - Starting service [Tomcat]
2019-12-01 23:21:56,050 [main] INFO  [org.apache.catalina.core.StandardEngine] [DirectJDKLog.java:173] [trace=,span=,parent=,name=,app=springAppName_IS_UNDEFINED,begintime=,endtime=] - Starting Servlet engine: [Apache Tomcat/9.0.27]
2019-12-01 23:21:56,420 [main] INFO  [org.apache.catalina.core.ContainerBase.[Tomcat].[localhost].[/]] [DirectJDKLog.java:173] [trace=,span=,parent=,name=,app=springAppName_IS_UNDEFINED,begintime=,endtime=] - Initializing Spring embedded WebApplicationContext
2019-12-01 23:21:56,421 [main] INFO  [org.springframework.web.context.ContextLoader] [ServletWebServerApplicationContext.java:284] [trace=,span=,parent=,name=,app=springAppName_IS_UNDEFINED,begintime=,endtime=] - Root WebApplicationContext: initialization completed in 2262 ms
2019-12-01 23:21:57,394 [main] INFO  [org.springframework.scheduling.concurrent.ThreadPoolTaskExecutor] [ExecutorConfigurationSupport.java:171] [trace=,span=,parent=,name=,app=springAppName_IS_UNDEFINED,begintime=,endtime=] - Initializing ExecutorService 'applicationTaskExecutor'
2019-12-01 23:21:57,459 [main] INFO  [org.springframework.boot.autoconfigure.web.servlet.WelcomePageHandlerMapping] [WelcomePageHandlerMapping.java:54] [trace=,span=,parent=,name=,app=springAppName_IS_UNDEFINED,begintime=,endtime=] - Adding welcome page: class path resource [views/index.html]
2019-12-01 23:21:57,786 [main] INFO  [org.springframework.boot.web.embedded.tomcat.TomcatWebServer] [TomcatWebServer.java:204] [trace=,span=,parent=,name=,app=springAppName_IS_UNDEFINED,begintime=,endtime=] - Tomcat started on port(s): 80 (http) with context path ''
2019-12-01 23:23:19,009 [http-nio-80-exec-2] INFO  [org.apache.catalina.core.ContainerBase.[Tomcat].[localhost].[/]] [DirectJDKLog.java:173] [trace=,span=,parent=,name=,app=springAppName_IS_UNDEFINED,begintime=,endtime=] - Initializing Spring DispatcherServlet 'dispatcherServlet'
2019-12-01 23:23:19,009 [http-nio-80-exec-2] INFO  [org.springframework.web.servlet.DispatcherServlet] [FrameworkServlet.java:525] [trace=,span=,parent=,name=,app=springAppName_IS_UNDEFINED,begintime=,endtime=] - Initializing Servlet 'dispatcherServlet'
2019-12-01 23:23:19,017 [http-nio-80-exec-2] INFO  [org.springframework.web.servlet.DispatcherServlet] [FrameworkServlet.java:547] [trace=,span=,parent=,name=,app=springAppName_IS_UNDEFINED,begintime=,endtime=] - Completed initialization in 7 ms
2019-12-01 23:26:00,908 [main] INFO  [com.example.crudproject.CrudprojectApplication] [StartupInfoLogger.java:55] [trace=,span=,parent=,name=,app=springAppName_IS_UNDEFINED,begintime=,endtime=] - Starting CrudprojectApplication on LAPTOP-B9E70PUS with PID 127120 (D:\My_project\test\target\classes started by 79018 in D:\My_project)
2019-12-01 23:26:00,912 [main] INFO  [com.example.crudproject.CrudprojectApplication] [SpringApplication.java:651] [trace=,span=,parent=,name=,app=springAppName_IS_UNDEFINED,begintime=,endtime=] - No active profile set, falling back to default profiles: default
2019-12-01 23:26:01,899 [main] INFO  [org.springframework.context.support.PostProcessorRegistrationDelegate$BeanPostProcessorChecker] [PostProcessorRegistrationDelegate.java:330] [trace=,span=,parent=,name=,app=springAppName_IS_UNDEFINED,begintime=,endtime=] - Bean 'org.springframework.transaction.annotation.ProxyTransactionManagementConfiguration' of type [org.springframework.transaction.annotation.ProxyTransactionManagementConfiguration] is not eligible for getting processed by all BeanPostProcessors (for example: not eligible for auto-proxying)
2019-12-01 23:26:02,118 [main] INFO  [org.springframework.boot.web.embedded.tomcat.TomcatWebServer] [TomcatWebServer.java:92] [trace=,span=,parent=,name=,app=springAppName_IS_UNDEFINED,begintime=,endtime=] - Tomcat initialized with port(s): 80 (http)
2019-12-01 23:26:02,128 [main] INFO  [org.apache.catalina.core.StandardService] [DirectJDKLog.java:173] [trace=,span=,parent=,name=,app=springAppName_IS_UNDEFINED,begintime=,endtime=] - Starting service [Tomcat]
2019-12-01 23:26:02,129 [main] INFO  [org.apache.catalina.core.StandardEngine] [DirectJDKLog.java:173] [trace=,span=,parent=,name=,app=springAppName_IS_UNDEFINED,begintime=,endtime=] - Starting Servlet engine: [Apache Tomcat/9.0.27]
2019-12-01 23:26:02,204 [main] INFO  [org.apache.catalina.core.ContainerBase.[Tomcat].[localhost].[/]] [DirectJDKLog.java:173] [trace=,span=,parent=,name=,app=springAppName_IS_UNDEFINED,begintime=,endtime=] - Initializing Spring embedded WebApplicationContext
2019-12-01 23:26:02,205 [main] INFO  [org.springframework.web.context.ContextLoader] [ServletWebServerApplicationContext.java:284] [trace=,span=,parent=,name=,app=springAppName_IS_UNDEFINED,begintime=,endtime=] - Root WebApplicationContext: initialization completed in 1226 ms
2019-12-01 23:26:03,067 [main] INFO  [org.springframework.scheduling.concurrent.ThreadPoolTaskExecutor] [ExecutorConfigurationSupport.java:171] [trace=,span=,parent=,name=,app=springAppName_IS_UNDEFINED,begintime=,endtime=] - Initializing ExecutorService 'applicationTaskExecutor'
2019-12-01 23:26:03,128 [main] INFO  [org.springframework.boot.autoconfigure.web.servlet.WelcomePageHandlerMapping] [WelcomePageHandlerMapping.java:54] [trace=,span=,parent=,name=,app=springAppName_IS_UNDEFINED,begintime=,endtime=] - Adding welcome page: class path resource [views/index.html]
2019-12-01 23:26:03,493 [main] INFO  [org.springframework.boot.web.embedded.tomcat.TomcatWebServer] [TomcatWebServer.java:204] [trace=,span=,parent=,name=,app=springAppName_IS_UNDEFINED,begintime=,endtime=] - Tomcat started on port(s): 80 (http) with context path ''
2019-12-01 23:26:03,497 [main] INFO  [com.example.crudproject.CrudprojectApplication] [StartupInfoLogger.java:61] [trace=,span=,parent=,name=,app=springAppName_IS_UNDEFINED,begintime=,endtime=] - Started CrudprojectApplication in 3.385 seconds (JVM running for 4.375)
2019-12-01 23:26:27,597 [http-nio-80-exec-1] INFO  [org.apache.catalina.core.ContainerBase.[Tomcat].[localhost].[/]] [DirectJDKLog.java:173] [trace=,span=,parent=,name=,app=springAppName_IS_UNDEFINED,begintime=,endtime=] - Initializing Spring DispatcherServlet 'dispatcherServlet'
2019-12-01 23:26:27,597 [http-nio-80-exec-1] INFO  [org.springframework.web.servlet.DispatcherServlet] [FrameworkServlet.java:525] [trace=,span=,parent=,name=,app=springAppName_IS_UNDEFINED,begintime=,endtime=] - Initializing Servlet 'dispatcherServlet'
2019-12-01 23:26:27,604 [http-nio-80-exec-1] INFO  [org.springframework.web.servlet.DispatcherServlet] [FrameworkServlet.java:547] [trace=,span=,parent=,name=,app=springAppName_IS_UNDEFINED,begintime=,endtime=] - Completed initialization in 7 ms
2019-12-01 23:27:05,379 [SpringContextShutdownHook] INFO  [org.springframework.scheduling.concurrent.ThreadPoolTaskExecutor] [ExecutorConfigurationSupport.java:208] [trace=,span=,parent=,name=,app=springAppName_IS_UNDEFINED,begintime=,endtime=] - Shutting down ExecutorService 'applicationTaskExecutor'
2019-12-08 22:14:57,101 [main] INFO  [com.example.crudproject.CrudprojectApplication] [StartupInfoLogger.java:55] [trace=,span=,parent=,name=,app=springAppName_IS_UNDEFINED,begintime=,endtime=] - Starting CrudprojectApplication on LAPTOP-B9E70PUS with PID 9964 (D:\My_project\test\target\classes started by 79018 in D:\My_project)
2019-12-08 22:14:57,117 [main] INFO  [com.example.crudproject.CrudprojectApplication] [SpringApplication.java:651] [trace=,span=,parent=,name=,app=springAppName_IS_UNDEFINED,begintime=,endtime=] - No active profile set, falling back to default profiles: default
2019-12-08 22:14:58,588 [main] INFO  [org.springframework.context.support.PostProcessorRegistrationDelegate$BeanPostProcessorChecker] [PostProcessorRegistrationDelegate.java:330] [trace=,span=,parent=,name=,app=springAppName_IS_UNDEFINED,begintime=,endtime=] - Bean 'org.springframework.transaction.annotation.ProxyTransactionManagementConfiguration' of type [org.springframework.transaction.annotation.ProxyTransactionManagementConfiguration] is not eligible for getting processed by all BeanPostProcessors (for example: not eligible for auto-proxying)
2019-12-08 22:14:58,806 [main] INFO  [org.springframework.boot.web.embedded.tomcat.TomcatWebServer] [TomcatWebServer.java:92] [trace=,span=,parent=,name=,app=springAppName_IS_UNDEFINED,begintime=,endtime=] - Tomcat initialized with port(s): 80 (http)
2019-12-08 22:14:58,822 [main] INFO  [org.apache.catalina.core.StandardService] [DirectJDKLog.java:173] [trace=,span=,parent=,name=,app=springAppName_IS_UNDEFINED,begintime=,endtime=] - Starting service [Tomcat]
2019-12-08 22:14:58,822 [main] INFO  [org.apache.catalina.core.StandardEngine] [DirectJDKLog.java:173] [trace=,span=,parent=,name=,app=springAppName_IS_UNDEFINED,begintime=,endtime=] - Starting Servlet engine: [Apache Tomcat/9.0.27]
2019-12-08 22:14:58,900 [main] INFO  [org.apache.catalina.core.ContainerBase.[Tomcat].[localhost].[/]] [DirectJDKLog.java:173] [trace=,span=,parent=,name=,app=springAppName_IS_UNDEFINED,begintime=,endtime=] - Initializing Spring embedded WebApplicationContext
2019-12-08 22:14:58,900 [main] INFO  [org.springframework.web.context.ContextLoader] [ServletWebServerApplicationContext.java:284] [trace=,span=,parent=,name=,app=springAppName_IS_UNDEFINED,begintime=,endtime=] - Root WebApplicationContext: initialization completed in 1611 ms
2019-12-08 22:14:59,926 [main] WARN  [com.example.crudproject.config.Swagger2] [Swagger2.java:28] [trace=,span=,parent=,name=,app=springAppName_IS_UNDEFINED,begintime=,endtime=] - swagger已经初始化完成
2019-12-08 22:15:00,082 [main] INFO  [org.springframework.scheduling.concurrent.ThreadPoolTaskExecutor] [ExecutorConfigurationSupport.java:171] [trace=,span=,parent=,name=,app=springAppName_IS_UNDEFINED,begintime=,endtime=] - Initializing ExecutorService 'applicationTaskExecutor'
2019-12-08 22:15:00,176 [main] INFO  [org.springframework.boot.autoconfigure.web.servlet.WelcomePageHandlerMapping] [WelcomePageHandlerMapping.java:54] [trace=,span=,parent=,name=,app=springAppName_IS_UNDEFINED,begintime=,endtime=] - Adding welcome page: class path resource [views/index.html]
2019-12-08 22:15:00,723 [main] INFO  [org.springframework.boot.web.embedded.tomcat.TomcatWebServer] [TomcatWebServer.java:204] [trace=,span=,parent=,name=,app=springAppName_IS_UNDEFINED,begintime=,endtime=] - Tomcat started on port(s): 80 (http) with context path ''
2019-12-08 22:15:00,723 [main] INFO  [com.example.crudproject.CrudprojectApplication] [StartupInfoLogger.java:61] [trace=,span=,parent=,name=,app=springAppName_IS_UNDEFINED,begintime=,endtime=] - Started CrudprojectApplication in 4.225 seconds (JVM running for 5.154)
